<?xml version="1.0" encoding="UTF-8"?>
<!-- Generated by org.testng.reporters.JUnitXMLReporter -->
<testsuite ignored="0" hostname="Prakashs-MacBook-Pro.local" failures="0" tests="10" name="Accounts Page Test" time="5.105" errors="0" timestamp="2024-01-23T17:25:51 IST">
  <testcase classname="com.qa.opencart.tests.AccountsPageTest" name="accPageHeadersCountTest" time="0.061"/>
  <testcase classname="com.qa.opencart.tests.AccountsPageTest" name="accPageHeadersTest" time="0.04"/>
  <testcase classname="com.qa.opencart.tests.AccountsPageTest" name="accPageHeadersTestSort" time="0.039"/>
  <testcase classname="com.qa.opencart.tests.AccountsPageTest" name="accPageTitleTest" time="0.005"/>
  <testcase classname="com.qa.opencart.tests.AccountsPageTest" name="accPageURLTest" time="0.005"/>
  <testcase classname="com.qa.opencart.tests.AccountsPageTest" name="footercustomerServiceLinkTest" time="0.033"/>
  <testcase classname="com.qa.opencart.tests.AccountsPageTest" name="footerinformationLinkTest" time="0.043"/>
  <testcase classname="com.qa.opencart.tests.AccountsPageTest" name="isLogoutLinkExist" time="0.02"/>
  <testcase classname="com.qa.opencart.tests.AccountsPageTest" name="isSearchFieldExist" time="0.016"/>
  <testcase classname="com.qa.opencart.tests.AccountsPageTest" name="searchTest" time="2.118"/>
</testsuite> <!-- Accounts Page Test -->
