<?xml version="1.0" encoding="UTF-8"?>
<!-- Generated by org.testng.reporters.JUnitXMLReporter -->
<testsuite ignored="0" hostname="Prakashs-MacBook-Pro.local" failures="0" tests="5" name="Product Results Page Test" time="9.921" errors="0" timestamp="2024-01-23T17:26:01 IST">
  <testcase classname="com.qa.opencart.tests.ProuctResultsPageTest" name="productImagesTest" time="2.274"/>
  <testcase classname="com.qa.opencart.tests.ProuctResultsPageTest" name="productImagesTest" time="1.216"/>
  <testcase classname="com.qa.opencart.tests.ProuctResultsPageTest" name="productImagesTest" time="1.446"/>
  <testcase classname="com.qa.opencart.tests.ProuctResultsPageTest" name="productImagesTest" time="1.188"/>
  <testcase classname="com.qa.opencart.tests.ProuctResultsPageTest" name="productInfoTest" time="0.974"/>
</testsuite> <!-- Product Results Page Test -->
