<?xml version="1.0" encoding="UTF-8"?>
<!-- Generated by org.testng.reporters.JUnitXMLReporter -->
<testsuite ignored="0" hostname="Prakashs-MacBook-Pro.local" failures="0" tests="3" name="Register Page Test" time="9.308" errors="0" timestamp="2024-01-23T17:26:11 IST">
  <testcase classname="com.qa.opencart.tests.RegisterPageTest" name="userRegTest" time="1.834"/>
  <testcase classname="com.qa.opencart.tests.RegisterPageTest" name="userRegTest" time="1.747"/>
  <testcase classname="com.qa.opencart.tests.RegisterPageTest" name="userRegTest" time="1.999"/>
</testsuite> <!-- Register Page Test -->
