<?xml version="1.0" encoding="UTF-8"?>
<!-- Generated by org.testng.reporters.JUnitXMLReporter -->
<testsuite ignored="0" hostname="Prakashs-MacBook-Pro.local" failures="0" tests="7" name="Login Page Test" time="4.268" errors="0" timestamp="2024-01-23T17:26:27 IST">
  <testcase classname="com.qa.opencart.tests.LoginPageTest" name="loginPageTitleTest" time="0.01"/>
  <testcase classname="com.qa.opencart.tests.LoginPageTest" name="loginPageURLTest" time="0.01"/>
  <testcase classname="com.qa.opencart.tests.LoginPageTest" name="forgotPwdLinkExistTest" time="0.032"/>
  <testcase classname="com.qa.opencart.tests.LoginPageTest" name="appLogoExistTest" time="0.019"/>
  <testcase classname="com.qa.opencart.tests.LoginPageTest" name="informationExistTest" time="0.019"/>
  <testcase classname="com.qa.opencart.tests.LoginPageTest" name="customerService" time="0.017"/>
  <testcase classname="com.qa.opencart.tests.LoginPageTest" name="loginTest" time="0.93"/>
</testsuite> <!-- Login Page Test -->
