<?xml version="1.0" encoding="UTF-8"?>
<!-- Generated by org.testng.reporters.JUnitXMLReporter -->
<testsuite ignored="0" hostname="Prakashs-MacBook-Pro.local" failures="0" tests="5" name="Product Results Page Test" time="4.984" errors="0" timestamp="2024-01-28T08:48:43 IST">
  <testcase classname="com.qa.opencart.tests.ProuctResultsPageTest" name="productImagesTest" time="0.702"/>
  <testcase classname="com.qa.opencart.tests.ProuctResultsPageTest" name="productImagesTest" time="0.576"/>
  <testcase classname="com.qa.opencart.tests.ProuctResultsPageTest" name="productImagesTest" time="0.579"/>
  <testcase classname="com.qa.opencart.tests.ProuctResultsPageTest" name="productImagesTest" time="0.527"/>
  <testcase classname="com.qa.opencart.tests.ProuctResultsPageTest" name="productInfoTest" time="0.542"/>
</testsuite> <!-- Product Results Page Test -->
