<?xml version="1.0" encoding="UTF-8"?>
<!-- Generated by org.testng.reporters.JUnitXMLReporter -->
<testsuite ignored="0" hostname="Prakashs-MacBook-Pro.local" failures="0" tests="3" name="Register Page Test" time="11.55" errors="0" timestamp="2024-01-28T08:48:54 IST">
  <testcase classname="com.qa.opencart.tests.RegisterPageTest" name="userRegTest" time="2.392"/>
  <testcase classname="com.qa.opencart.tests.RegisterPageTest" name="userRegTest" time="2.278"/>
  <testcase classname="com.qa.opencart.tests.RegisterPageTest" name="userRegTest" time="2.195"/>
</testsuite> <!-- Register Page Test -->
