<?xml version="1.0" encoding="UTF-8"?>
<testsuite xmlns:xsi="http://www.w3.org/2001/XMLSchema-instance" xsi:noNamespaceSchemaLocation="https://maven.apache.org/surefire/maven-surefire-plugin/xsd/surefire-test-report.xsd" name="TestSuite" time="22.658" tests="33" errors="0" skipped="9" failures="2">
  <properties>
[...]
</properties>
  <testcase name="loginPageTitleTest" classname="com.qa.opencart.tests.LoginPageTest" time="0.01"/>
  <testcase name="loginPageURLTest" classname="com.qa.opencart.tests.LoginPageTest" time="0.01"/>
  <testcase name="forgotPwdLinkExistTest" classname="com.qa.opencart.tests.LoginPageTest" time="0.032"/>
  <testcase name="appLogoExistTest" classname="com.qa.opencart.tests.LoginPageTest" time="0.019"/>
  <testcase name="informationExistTest" classname="com.qa.opencart.tests.LoginPageTest" time="0.02"/>
  <testcase name="customerService" classname="com.qa.opencart.tests.LoginPageTest" time="0.018"/>
  <testcase name="loginTest" classname="com.qa.opencart.tests.LoginPageTest" time="0.931"/>
  <testcase name="accPageHeadersCountTest" classname="com.qa.opencart.tests.AccountsPageTest" time="0.058"/>
  <testcase name="accPageHeadersTest" classname="com.qa.opencart.tests.AccountsPageTest" time="0.039"/>
  <testcase name="accPageHeadersTestSort" classname="com.qa.opencart.tests.AccountsPageTest" time="0.038"/>
  <testcase name="accPageTitleTest" classname="com.qa.opencart.tests.AccountsPageTest" time="0.006"/>
  <testcase name="accPageURLTest" classname="com.qa.opencart.tests.AccountsPageTest" time="0.006"/>
  <testcase name="footercustomerServiceLinkTest" classname="com.qa.opencart.tests.AccountsPageTest" time="0.034"/>
  <testcase name="footerinformationLinkTest" classname="com.qa.opencart.tests.AccountsPageTest" time="0.04"/>
  <testcase name="isLogoutLinkExist" classname="com.qa.opencart.tests.AccountsPageTest" time="0.019"/>
  <testcase name="isSearchFieldExist" classname="com.qa.opencart.tests.AccountsPageTest" time="0.016"/>
  <testcase name="searchTest" classname="com.qa.opencart.tests.AccountsPageTest" time="0.983"/>
  <testcase name="productImagesTest" classname="com.qa.opencart.tests.ProuctResultsPageTest" time="2.225"/>
  <testcase name="productImagesTest" classname="com.qa.opencart.tests.ProuctResultsPageTest" time="1.461"/>
  <testcase name="productImagesTest" classname="com.qa.opencart.tests.ProuctResultsPageTest" time="1.732"/>
  <testcase name="productImagesTest" classname="com.qa.opencart.tests.ProuctResultsPageTest" time="1.269"/>
  <testcase name="productInfoTest" classname="com.qa.opencart.tests.ProuctResultsPageTest" time="1.173"/>
  <testcase name="setUp" classname="com.qa.opencart.tests.RegisterPageTest" time="1.26">
    <failure message="Cannot invoke &quot;org.openqa.selenium.chrome.ChromeOptions.addArguments(String[])&quot; because &quot;this.co&quot; is null" type="java.lang.NullPointerException">java.lang.NullPointerException: Cannot invoke "org.openqa.selenium.chrome.ChromeOptions.addArguments(String[])" because "this.co" is null
</failure>
    <system-out><![CDATA[env name is: prod
The browsername is Firefox
]]></system-out>
  </testcase>
  <testcase name="regSetup" classname="com.qa.opencart.tests.RegisterPageTest" time="0">
    <skipped/>
  </testcase>
  <testcase name="userRegTest" classname="com.qa.opencart.tests.RegisterPageTest" time="0">
    <skipped message="Cannot invoke &quot;org.openqa.selenium.chrome.ChromeOptions.addArguments(String[])&quot; because &quot;this.co&quot; is null"/>
  </testcase>
  <testcase name="userRegTest" classname="com.qa.opencart.tests.RegisterPageTest" time="0">
    <skipped message="Cannot invoke &quot;org.openqa.selenium.chrome.ChromeOptions.addArguments(String[])&quot; because &quot;this.co&quot; is null"/>
  </testcase>
  <testcase name="userRegTest" classname="com.qa.opencart.tests.RegisterPageTest" time="0">
    <skipped message="Cannot invoke &quot;org.openqa.selenium.chrome.ChromeOptions.addArguments(String[])&quot; because &quot;this.co&quot; is null"/>
  </testcase>
  <testcase name="tearDown" classname="com.qa.opencart.tests.RegisterPageTest" time="0">
    <skipped/>
  </testcase>
  <testcase name="setUp" classname="com.qa.opencart.tests.LoginPageNegativeTest" time="0.004">
    <failure message="Cannot invoke &quot;org.openqa.selenium.chrome.ChromeOptions.addArguments(String[])&quot; because &quot;this.co&quot; is null" type="java.lang.NullPointerException">java.lang.NullPointerException: Cannot invoke "org.openqa.selenium.chrome.ChromeOptions.addArguments(String[])" because "this.co" is null
</failure>
    <system-out><![CDATA[env name is: prod
The browsername is Edge
]]></system-out>
  </testcase>
  <testcase name="loginTest" classname="com.qa.opencart.tests.LoginPageNegativeTest" time="0">
    <skipped message="Cannot invoke &quot;org.openqa.selenium.chrome.ChromeOptions.addArguments(String[])&quot; because &quot;this.co&quot; is null"/>
  </testcase>
  <testcase name="loginTest" classname="com.qa.opencart.tests.LoginPageNegativeTest" time="0">
    <skipped message="Cannot invoke &quot;org.openqa.selenium.chrome.ChromeOptions.addArguments(String[])&quot; because &quot;this.co&quot; is null"/>
  </testcase>
  <testcase name="loginTest" classname="com.qa.opencart.tests.LoginPageNegativeTest" time="0">
    <skipped message="Cannot invoke &quot;org.openqa.selenium.chrome.ChromeOptions.addArguments(String[])&quot; because &quot;this.co&quot; is null"/>
  </testcase>
  <testcase name="tearDown" classname="com.qa.opencart.tests.LoginPageNegativeTest" time="0">
    <skipped/>
  </testcase>
</testsuite>