-------------------------------------------------------------------------------
Test set: TestSuite
-------------------------------------------------------------------------------
Tests run: 27, Failures: 6, Errors: 0, Skipped: 7, Time elapsed: 104.126 s <<< FAILURE! - in TestSuite
loginTest(com.qa.opencart.tests.LoginPageTest)  Time elapsed: 6.02 s  <<< FAILURE!
org.openqa.selenium.TimeoutException: 
Expected condition failed: waiting for visibility of element located by By.linkText: Logout (tried for 5 second(s) with 500 milliseconds interval)
Build info: version: '4.15.0', revision: '1d14b5521b'
System info: os.name: 'Mac OS X', os.arch: 'aarch64', os.version: '14.1', java.version: '17.0.6'
Driver info: org.openqa.selenium.chrome.ChromeDriver
Capabilities {acceptInsecureCerts: false, browserName: chrome, browserVersion: 120.0.6099.234, chrome: {chromedriverVersion: 120.0.6099.109 (3419140ab66..., userDataDir: /var/folders/l2/yc1w_ppd06l...}, fedcm:accounts: true, goog:chromeOptions: {debuggerAddress: localhost:49533}, networkConnectionEnabled: false, pageLoadStrategy: normal, platformName: mac, proxy: Proxy(), se:cdp: ws://localhost:49533/devtoo..., se:cdpVersion: 120.0.6099.234, setWindowRect: true, strictFileInteractability: false, timeouts: {implicit: 0, pageLoad: 300000, script: 30000}, unhandledPromptBehavior: dismiss and notify, webauthn:extension:credBlob: true, webauthn:extension:largeBlob: true, webauthn:extension:minPinLength: true, webauthn:extension:prf: true, webauthn:virtualAuthenticators: true}
Session ID: eafcc164118259d0c479cc32f118955b
	at com.qa.opencart.tests.LoginPageTest.loginTest(LoginPageTest.java:81)

accPageHeadersCountTest(com.qa.opencart.tests.AccountsPageTest)  Time elapsed: 10.7 s  <<< FAILURE!
org.openqa.selenium.TimeoutException: 
Expected condition failed: waiting for visibility of all elements located by By.cssSelector: div#content > h2 (tried for 10 second(s) with 500 milliseconds interval)
Build info: version: '4.15.0', revision: '1d14b5521b'
System info: os.name: 'Mac OS X', os.arch: 'aarch64', os.version: '14.1', java.version: '17.0.6'
Driver info: org.openqa.selenium.chrome.ChromeDriver
Capabilities {acceptInsecureCerts: false, browserName: chrome, browserVersion: 120.0.6099.234, chrome: {chromedriverVersion: 120.0.6099.109 (3419140ab66..., userDataDir: /var/folders/l2/yc1w_ppd06l...}, fedcm:accounts: true, goog:chromeOptions: {debuggerAddress: localhost:49548}, networkConnectionEnabled: false, pageLoadStrategy: normal, platformName: mac, proxy: Proxy(), se:cdp: ws://localhost:49548/devtoo..., se:cdpVersion: 120.0.6099.234, setWindowRect: true, strictFileInteractability: false, timeouts: {implicit: 0, pageLoad: 300000, script: 30000}, unhandledPromptBehavior: dismiss and notify, webauthn:extension:credBlob: true, webauthn:extension:largeBlob: true, webauthn:extension:minPinLength: true, webauthn:extension:prf: true, webauthn:virtualAuthenticators: true}
Session ID: a9704468a1c3888f19d31feb75129088
	at com.qa.opencart.tests.AccountsPageTest.accPageHeadersCountTest(AccountsPageTest.java:48)

accPageHeadersTest(com.qa.opencart.tests.AccountsPageTest)  Time elapsed: 10.574 s  <<< FAILURE!
org.openqa.selenium.TimeoutException: 
Expected condition failed: waiting for visibility of all elements located by By.cssSelector: div#content > h2 (tried for 10 second(s) with 500 milliseconds interval)
Build info: version: '4.15.0', revision: '1d14b5521b'
System info: os.name: 'Mac OS X', os.arch: 'aarch64', os.version: '14.1', java.version: '17.0.6'
Driver info: org.openqa.selenium.chrome.ChromeDriver
Capabilities {acceptInsecureCerts: false, browserName: chrome, browserVersion: 120.0.6099.234, chrome: {chromedriverVersion: 120.0.6099.109 (3419140ab66..., userDataDir: /var/folders/l2/yc1w_ppd06l...}, fedcm:accounts: true, goog:chromeOptions: {debuggerAddress: localhost:49548}, networkConnectionEnabled: false, pageLoadStrategy: normal, platformName: mac, proxy: Proxy(), se:cdp: ws://localhost:49548/devtoo..., se:cdpVersion: 120.0.6099.234, setWindowRect: true, strictFileInteractability: false, timeouts: {implicit: 0, pageLoad: 300000, script: 30000}, unhandledPromptBehavior: dismiss and notify, webauthn:extension:credBlob: true, webauthn:extension:largeBlob: true, webauthn:extension:minPinLength: true, webauthn:extension:prf: true, webauthn:virtualAuthenticators: true}
Session ID: a9704468a1c3888f19d31feb75129088
	at com.qa.opencart.tests.AccountsPageTest.accPageHeadersTest(AccountsPageTest.java:55)

loginTest(com.qa.opencart.tests.LoginPageNegativeTest)  Time elapsed: 0.776 s  <<< FAILURE!
java.lang.AssertionError: expected [true] but found [false]
	at com.qa.opencart.tests.LoginPageNegativeTest.loginTest(LoginPageNegativeTest.java:25)

loginTest(com.qa.opencart.tests.LoginPageNegativeTest)  Time elapsed: 0.766 s  <<< FAILURE!
java.lang.AssertionError: expected [true] but found [false]
	at com.qa.opencart.tests.LoginPageNegativeTest.loginTest(LoginPageNegativeTest.java:25)

loginTest(com.qa.opencart.tests.LoginPageNegativeTest)  Time elapsed: 0.95 s  <<< FAILURE!
java.lang.AssertionError: expected [true] but found [false]
	at com.qa.opencart.tests.LoginPageNegativeTest.loginTest(LoginPageNegativeTest.java:25)

