<?xml version="1.0" encoding="UTF-8"?>
<testng-results ignored="0" total="7" passed="7" failed="0" skipped="0">
  <reporter-output>
  </reporter-output>
  <suite started-at="2024-01-19T19:45:40 IST" name="Default suite" finished-at="2024-01-19T19:45:44 IST" duration-ms="4017">
    <groups>
    </groups>
    <test started-at="2024-01-19T19:45:40 IST" name="Default test" finished-at="2024-01-19T19:45:44 IST" duration-ms="4017">
      <class name="com.qa.opencart.tests.LoginPageTest">
        <test-method is-config="true" signature="setUp()[pri:0, instance:com.qa.opencart.tests.LoginPageTest@7a69b07]" started-at="2024-01-19T19:45:40 IST" name="setUp" finished-at="2024-01-19T19:45:43 IST" duration-ms="3287" status="PASS">
          <reporter-output>
          </reporter-output>
        </test-method> <!-- setUp -->
        <test-method signature="loginPageTitleTest()[pri:1, instance:com.qa.opencart.tests.LoginPageTest@7a69b07]" started-at="2024-01-19T19:45:43 IST" name="loginPageTitleTest" finished-at="2024-01-19T19:45:43 IST" duration-ms="11" status="PASS">
          <reporter-output>
          </reporter-output>
        </test-method> <!-- loginPageTitleTest -->
        <test-method signature="loginPageURLTest()[pri:2, instance:com.qa.opencart.tests.LoginPageTest@7a69b07]" started-at="2024-01-19T19:45:43 IST" name="loginPageURLTest" finished-at="2024-01-19T19:45:43 IST" duration-ms="7" status="PASS">
          <reporter-output>
          </reporter-output>
        </test-method> <!-- loginPageURLTest -->
        <test-method signature="forgotPwdLinkExistTest()[pri:3, instance:com.qa.opencart.tests.LoginPageTest@7a69b07]" started-at="2024-01-19T19:45:43 IST" name="forgotPwdLinkExistTest" finished-at="2024-01-19T19:45:44 IST" duration-ms="30" status="PASS">
          <reporter-output>
          </reporter-output>
        </test-method> <!-- forgotPwdLinkExistTest -->
        <test-method signature="appLogoExistTest()[pri:4, instance:com.qa.opencart.tests.LoginPageTest@7a69b07]" started-at="2024-01-19T19:45:44 IST" name="appLogoExistTest" finished-at="2024-01-19T19:45:44 IST" duration-ms="18" status="PASS">
          <reporter-output>
          </reporter-output>
        </test-method> <!-- appLogoExistTest -->
        <test-method signature="informationExistTest()[pri:5, instance:com.qa.opencart.tests.LoginPageTest@7a69b07]" started-at="2024-01-19T19:45:44 IST" name="informationExistTest" finished-at="2024-01-19T19:45:44 IST" duration-ms="17" status="PASS">
          <reporter-output>
          </reporter-output>
        </test-method> <!-- informationExistTest -->
        <test-method signature="customerService()[pri:6, instance:com.qa.opencart.tests.LoginPageTest@7a69b07]" started-at="2024-01-19T19:45:44 IST" name="customerService" finished-at="2024-01-19T19:45:44 IST" duration-ms="16" status="PASS">
          <reporter-output>
          </reporter-output>
        </test-method> <!-- customerService -->
        <test-method signature="loginTest()[pri:7, instance:com.qa.opencart.tests.LoginPageTest@7a69b07]" started-at="2024-01-19T19:45:44 IST" name="loginTest" finished-at="2024-01-19T19:45:44 IST" duration-ms="530" status="PASS">
          <reporter-output>
          </reporter-output>
        </test-method> <!-- loginTest -->
        <test-method is-config="true" signature="tearDown()[pri:0, instance:com.qa.opencart.tests.LoginPageTest@7a69b07]" started-at="2024-01-19T19:45:44 IST" name="tearDown" finished-at="2024-01-19T19:45:44 IST" duration-ms="81" status="PASS">
          <reporter-output>
          </reporter-output>
        </test-method> <!-- tearDown -->
      </class> <!-- com.qa.opencart.tests.LoginPageTest -->
    </test> <!-- Default test -->
  </suite> <!-- Default suite -->
</testng-results>
